#
# There is insufficient memory for the Java Runtime Environment to continue.
# Native memory allocation (mmap) failed to map 268435456 bytes for G1 virtual space
# Possible reasons:
#   The system is out of physical RAM or swap space
#   The process is running with CompressedOops enabled, and the Java Heap may be blocking the growth of the native heap
# Possible solutions:
#   Reduce memory load on the system
#   Increase physical memory or swap space
#   Check if swap backing store is full
#   Decrease Java heap size (-Xmx/-Xms)
#   Decrease number of Java threads
#   Decrease Java thread stack sizes (-Xss)
#   Set larger code cache with -XX:ReservedCodeCacheSize=
#   JVM is running with Zero Based Compressed Oops mode in which the Java heap is
#     placed in the first 32GB address space. The Java Heap base address is the
#     maximum limit for the native heap growth. Please use -XX:HeapBaseMinAddress
#     to set the Java Heap base and to place the Java Heap above 32GB virtual address.
# This output file may be truncated or incomplete.
#
#  Out of Memory Error (./open/src/hotspot/os/windows/os_windows.cpp:3321), pid=22772, tid=31584
#
# JRE version:  (15.0.2+7) (build )
# Java VM: Java HotSpot(TM) 64-Bit Server VM (15.0.2+7-27, mixed mode, sharing, tiered, compressed oops, g1 gc, windows-amd64)
# No core dump will be written. Minidumps are not enabled by default on client versions of Windows
#

---------------  S U M M A R Y ------------

Command Line: -Dfile.encoding=UTF-8 edu.mit.csail.sdg.alloy4whole.ExampleUsingTheCompiler

Host: Intel(R) Core(TM) i7-9700K CPU @ 3.60GHz, 8 cores, 15G,  Windows 10 , 64 bit Build 19041 (10.0.19041.804)
Time: Wed Mar 10 01:40:23 2021 Bangladesh Standard Time elapsed time: 0.005521 seconds (0d 0h 0m 0s)

---------------  T H R E A D  ---------------

Current thread (0x0000015cfcec2ce0):  JavaThread "Unknown thread" [_thread_in_vm, id=31584, stack(0x0000002227b00000,0x0000002227c00000)]

Stack: [0x0000002227b00000,0x0000002227c00000]
Native frames: (J=compiled Java code, j=interpreted, Vv=VM code, C=native code)
V  [jvm.dll+0x62ae9a]
V  [jvm.dll+0x7817a9]
V  [jvm.dll+0x782f03]
V  [jvm.dll+0x783563]
V  [jvm.dll+0x216325]
V  [jvm.dll+0x6281d9]
V  [jvm.dll+0x61cf55]
V  [jvm.dll+0x2cffdd]
V  [jvm.dll+0x2cfe42]
V  [jvm.dll+0x2d5e1c]
V  [jvm.dll+0x32590a]
V  [jvm.dll+0x324fd4]
V  [jvm.dll+0x2a6f5a]
V  [jvm.dll+0x2a80f8]
V  [jvm.dll+0x75e241]
V  [jvm.dll+0x3341c4]
V  [jvm.dll+0x73e926]
V  [jvm.dll+0x3b7557]
V  [jvm.dll+0x3b8fe1]
C  [jli.dll+0x52fb]
C  [ucrtbase.dll+0x21bb2]
C  [KERNEL32.DLL+0x17034]
C  [ntdll.dll+0x4d241]


---------------  P R O C E S S  ---------------

Threads class SMR info:
_java_thread_list=0x00007ffa67dd4ff0, length=0, elements={
}

Java Threads: ( => current thread )

Other Threads:
  0x0000015cfcf139a0 GCTaskThread "GC Thread#0" [stack: 0x0000002227c00000,0x0000002227d00000] [id=24344]
  0x0000015cfcf26920 ConcurrentGCThread "G1 Main Marker" [stack: 0x0000002227d00000,0x0000002227e00000] [id=31428]
  0x0000015cfcf27ac0 ConcurrentGCThread "G1 Conc#0" [stack: 0x0000002227e00000,0x0000002227f00000] [id=30348]

[error occurred during error reporting (printing all threads), id 0xc0000005, EXCEPTION_ACCESS_VIOLATION (0xc0000005) at pc=0x00007ffa675c7e27]

VM state: not at safepoint (not fully initialized)

VM Mutex/Monitor currently owned by a thread:  ([mutex/lock_event])
[0x0000015cfcebf4a0] Heap_lock - owner thread: 0x0000015cfcec2ce0

Heap address: 0x0000000701000000, size: 4080 MB, Compressed Oops mode: Zero based, Oop shift amount: 3
CDS archive(s) mapped at: [0x0000000000000000-0x0000000000000000-0x0000000000000000), size 0, SharedBaseAddress: 0x0000000800000000, ArchiveRelocationMode: 0.
Narrow klass base: 0x0000000000000000, Narrow klass shift: 0, Narrow klass range: 0x0

Heap:
 garbage-first heap   total 262144K, used 0K [0x0000000701000000, 0x0000000800000000)
  region size 2048K, 0 young (0K), 0 survivors (0K)
 Metaspace       used 0K, capacity 0K, committed 0K, reserved 0K
  class space    used 0K, capacity 0K, committed 0K, reserved 0K

Heap Regions: E=young(eden), S=young(survivor), O=old, HS=humongous(starts), HC=humongous(continues), CS=collection set, F=free, OA=open archive, CA=closed archive, TAMS=top-at-mark-start (previous, next)

Card table byte_map: [0x0000015cfdad0000,0x0000015cfe2d0000] _byte_map_base: 0x0000015cfa2c8000

Marking Bits (Prev, Next): (CMBitMap*) 0x0000015cfcf15030, (CMBitMap*) 0x0000015cfcf15070
 Prev Bits: [0x0000015c97160000, 0x0000015c9b120000)
 Next Bits: [0x0000015c9b120000, 0x0000015c9f0e0000)

GC Heap History (0 events):
No events

Deoptimization events (0 events):
No events

Classes unloaded (0 events):
No events

Classes redefined (0 events):
No events

Internal exceptions (0 events):
No events

Events (1 events):
Event: 0.003 Loaded shared library C:\Program Files\Java\jdk-15.0.2\bin\java.dll


Dynamic libraries:
0x00007ff7c1d30000 - 0x00007ff7c1d3f000 	C:\Program Files\Java\jdk-15.0.2\bin\javaw.exe
0x00007ffac0930000 - 0x00007ffac0b26000 	C:\Windows\SYSTEM32\ntdll.dll
0x00007ffabfc50000 - 0x00007ffabfd0d000 	C:\Windows\System32\KERNEL32.DLL
0x00007ffabe690000 - 0x00007ffabe959000 	C:\Windows\System32\KERNELBASE.dll
0x00007ffabe070000 - 0x00007ffabe170000 	C:\Windows\System32\ucrtbase.dll
0x00007ffaa04f0000 - 0x00007ffaa0508000 	C:\Program Files\Java\jdk-15.0.2\bin\jli.dll
0x00007ffac03d0000 - 0x00007ffac047c000 	C:\Windows\System32\ADVAPI32.dll
0x00007ffa9a380000 - 0x00007ffa9a399000 	C:\Program Files\Java\jdk-15.0.2\bin\VCRUNTIME140.dll
0x00007ffabfd10000 - 0x00007ffabfdae000 	C:\Windows\System32\msvcrt.dll
0x00007ffabfb00000 - 0x00007ffabfb9c000 	C:\Windows\System32\sechost.dll
0x00007ffabe990000 - 0x00007ffabeabb000 	C:\Windows\System32\RPCRT4.dll
0x00007ffabfdb0000 - 0x00007ffabff50000 	C:\Windows\System32\USER32.dll
0x00007ffabe2e0000 - 0x00007ffabe302000 	C:\Windows\System32\win32u.dll
0x00007ffaa8480000 - 0x00007ffaa871b000 	C:\Windows\WinSxS\amd64_microsoft.windows.common-controls_6595b64144ccf1df_6.0.19041.746_none_ca02b4b61b8320a4\COMCTL32.dll
0x00007ffac0750000 - 0x00007ffac077a000 	C:\Windows\System32\GDI32.dll
0x00007ffabe310000 - 0x00007ffabe41b000 	C:\Windows\System32\gdi32full.dll
0x00007ffabe240000 - 0x00007ffabe2dd000 	C:\Windows\System32\msvcp_win.dll
0x00007ffab6290000 - 0x00007ffab629a000 	C:\Windows\SYSTEM32\VERSION.dll
0x00007ffabfa70000 - 0x00007ffabfaa0000 	C:\Windows\System32\IMM32.DLL
0x00007ffabadb0000 - 0x00007ffabadbc000 	C:\Program Files\Java\jdk-15.0.2\bin\vcruntime140_1.dll
0x00007ffa8a1e0000 - 0x00007ffa8a271000 	C:\Program Files\Java\jdk-15.0.2\bin\msvcp140.dll
0x00007ffa67310000 - 0x00007ffa67e6e000 	C:\Program Files\Java\jdk-15.0.2\bin\server\jvm.dll
0x00007ffabff50000 - 0x00007ffabff58000 	C:\Windows\System32\PSAPI.DLL
0x00007ffab4540000 - 0x00007ffab4567000 	C:\Windows\SYSTEM32\WINMM.dll
0x00007ffab2a30000 - 0x00007ffab2a39000 	C:\Windows\SYSTEM32\WSOCK32.dll
0x00007ffabfa00000 - 0x00007ffabfa6b000 	C:\Windows\System32\WS2_32.dll
0x00007ffabbfa0000 - 0x00007ffabbfb2000 	C:\Windows\SYSTEM32\kernel.appcore.dll
0x00007ffab1c50000 - 0x00007ffab1c5a000 	C:\Program Files\Java\jdk-15.0.2\bin\jimage.dll
0x00007ffab2190000 - 0x00007ffab2374000 	C:\Windows\SYSTEM32\DBGHELP.DLL
0x00007ffaafcf0000 - 0x00007ffaafd1c000 	C:\Windows\SYSTEM32\dbgcore.DLL
0x00007ffabe1c0000 - 0x00007ffabe240000 	C:\Windows\System32\bcryptPrimitives.dll
0x00007ffaa8aa0000 - 0x00007ffaa8ac5000 	C:\Program Files\Java\jdk-15.0.2\bin\java.dll

dbghelp: loaded successfully - version: 4.0.5 - missing functions: none
symbol engine: initialized successfully - sym options: 0x614 - pdb path: .;C:\Program Files\Java\jdk-15.0.2\bin;C:\Windows\SYSTEM32;C:\Windows\WinSxS\amd64_microsoft.windows.common-controls_6595b64144ccf1df_6.0.19041.746_none_ca02b4b61b8320a4;C:\Program Files\Java\jdk-15.0.2\bin\server

VM Arguments:
jvm_args: -Dfile.encoding=UTF-8 
java_command: edu.mit.csail.sdg.alloy4whole.ExampleUsingTheCompiler
java_class_path (initial): C:\Users\tamji\org.alloytools.alloy\org.alloytools.alloy.application\target\classes;C:\Users\tamji\org.alloytools.alloy\org.alloytools.alloy.application\target\test-classes;C:\Users\tamji\org.alloytools.alloy\cnf\bin;C:\Users\tamji\org.alloytools.alloy\org.alloytools.alloy.core\target\classes;C:\Users\tamji\org.alloytools.alloy\org.alloytools.alloy.core\target\test-classes;C:\Users\tamji\org.alloytools.alloy\org.alloytools.alloy.dist\target\classes;C:\Users\tamji\org.alloytools.alloy\org.alloytools.alloy.dist\target\test-classes;C:\Users\tamji\org.alloytools.alloy\org.alloytools.alloy.extra\target\classes;C:\Users\tamji\org.alloytools.alloy\org.alloytools.alloy.extra\target\test-classes;C:\Users\tamji\org.alloytools.alloy\org.alloytools.alloy.java\bin;C:\Users\tamji\org.alloytools.alloy\org.alloytools.kodkod.core\target\classes;C:\Users\tamji\org.alloytools.alloy\org.alloytools.kodkod.core\target\test-classes;C:\Users\tamji\org.alloytools.alloy\org.alloytools.kodkod.nativesat\target\classes;C:\Users\tamji\org.alloytools.alloy\org.alloytools.kodkod.nativesat\target\test-classes;C:\Users\tamji\org.alloytools.alloy\org.alloytools.util\bin;C:\Users\tamji\org.alloytools.alloy\org.sat4j.core\target\classes
Launcher Type: SUN_STANDARD

[Global flags]
     intx CICompilerCount                          = 4                                         {product} {ergonomic}
     uint ConcGCThreads                            = 2                                         {product} {ergonomic}
     uint G1ConcRefinementThreads                  = 8                                         {product} {ergonomic}
   size_t G1HeapRegionSize                         = 2097152                                   {product} {ergonomic}
    uintx GCDrainStackTargetSize                   = 64                                        {product} {ergonomic}
   size_t InitialHeapSize                          = 268435456                                 {product} {ergonomic}
   size_t MarkStackSize                            = 4194304                                   {product} {ergonomic}
   size_t MaxHeapSize                              = 4278190080                                {product} {ergonomic}
   size_t MinHeapDeltaBytes                        = 2097152                                   {product} {ergonomic}
   size_t MinHeapSize                              = 8388608                                   {product} {ergonomic}
    uintx NonNMethodCodeHeapSize                   = 5839372                                {pd product} {ergonomic}
    uintx NonProfiledCodeHeapSize                  = 122909434                              {pd product} {ergonomic}
    uintx ProfiledCodeHeapSize                     = 122909434                              {pd product} {ergonomic}
    uintx ReservedCodeCacheSize                    = 251658240                              {pd product} {ergonomic}
     bool SegmentedCodeCache                       = true                                      {product} {ergonomic}
   size_t SoftMaxHeapSize                          = 4278190080                             {manageable} {ergonomic}
     bool UseCompressedClassPointers               = true                                 {lp64_product} {ergonomic}
     bool UseCompressedOops                        = true                                 {lp64_product} {ergonomic}
     bool UseG1GC                                  = true                                      {product} {ergonomic}
     bool UseLargePagesIndividualAllocation        = false                                  {pd product} {ergonomic}

Logging:
Log output configuration:
 #0: stdout all=warning uptime,level,tags
 #1: stderr all=off uptime,level,tags

Environment Variables:
JAVA_HOME=C:\Program Files\Java\jdk1.8.0_281
PATH=C:/Program Files/Java/jdk-15.0.2/bin/server;C:/Program Files/Java/jdk-15.0.2/bin;C:\Program Files (x86)\Common Files\Oracle\Java\javapath;C:\Program Files\Java\jdk-15.0.2\bin;C:\Program Files\Java\jdk1.8.0_281\bin;C:\ActiveTcl\bin;C:\Windows\system32;C:\Windows;C:\Windows\System32\Wbem;C:\Windows\System32\WindowsPowerShell\v1.0\;C:\Windows\System32\OpenSSH\;C:\Program Files\NVIDIA Corporation\NVIDIA NvDLISR;C:\Program Files (x86)\NVIDIA Corporation\PhysX\Common;C:\ProgramData\Apache Software Foundation\apache-maven-3.6.3\bin;C:\Users\tamji\Downloads\apache-maven-3.6.3-bin\apache-maven-3.6.3\bin;C:\Python\Python39;C:\Users\tamji\.vscode\extensions\james-yu.latex-workshop-8.15.0\scripts;C:\Program Files\Microsoft VS Code\bin;C:\Program Files\Docker\Docker\resources\bin;C:\ProgramData\DockerDesktop\version-bin;C:\Program Files\MiKTeX\miktex\bin\x64\;C:\Program Files\Git\cmd;C:\Program Files\gradle-6.8.2\bin;C:\Python\Python39\Scripts\;C:\Python\Python39\;C:\Users\tamji\AppData\Local\Microsoft\WindowsApps;C:\Users\tamji\AppData\Local\GitHubDesktop\bin;C:\Program Files\Microsoft VS Code\bin;C:\Users\tamji\OneDrive\Desktop;
USERNAME=tamji
OS=Windows_NT
PROCESSOR_IDENTIFIER=Intel64 Family 6 Model 158 Stepping 13, GenuineIntel



---------------  S Y S T E M  ---------------

OS:
 Windows 10 , 64 bit Build 19041 (10.0.19041.804)
OS uptime: 5 days 4:07 hours
HyperV virtualization detected

CPU: total 8 (initial active 8) (8 cores per cpu, 1 threads per core) family 6 model 158 stepping 13 microcode 0xb0, cmov, cx8, fxsr, mmx, sse, sse2, sse3, ssse3, sse4.1, sse4.2, popcnt, vzeroupper, avx, avx2, aes, clmul, erms, rtm, 3dnowpref, lzcnt, tsc, tscinvbit, bmi1, bmi2, adx, fma, clflush, clflushopt

Memory: 4k page, system-wide physical 16318M (4621M free)
TotalPageFile size 46115M (AvailPageFile size 225M)
current process WorkingSet (physical memory assigned to process): 10M, peak: 10M
current process commit charge ("private bytes"): 60M, peak: 316M

vm_info: Java HotSpot(TM) 64-Bit Server VM (15.0.2+7-27) for windows-amd64 JRE (15.0.2+7-27), built on Dec  7 2020 20:07:01 by "mach5one" with unknown MS VC++:1925

END.
